\BOOKMARK [0][-]{chapter.1}{\376\377\000U\000v\000o\000d}{}% 1
\BOOKMARK [0][-]{chapter.2}{\376\377\000T\000e\000o\000r\000e\000t\000i\001\015\000n\000e\000\040\000o\000s\000n\000o\000v\000e}{}% 2
\BOOKMARK [1][-]{section.2.1}{\376\377\000A\000s\000i\000n\000h\000r\000o\000n\000i\000\040\000k\000o\000n\000c\000e\000p\000t\000i}{chapter.2}% 3
\BOOKMARK [2][-]{subsection.2.1.1}{\376\377\000I\000n\000d\000i\000k\000a\000c\000i\000j\000a}{section.2.1}% 4
\BOOKMARK [2][-]{subsection.2.1.2}{\376\377\000H\000i\000t\000r\000o\000s\000t\000n\000a\000\040\000n\000e\000o\000d\000v\000i\000s\000n\000o\000s\000t}{section.2.1}% 5
\BOOKMARK [2][-]{subsection.2.1.3}{\376\377\000H\000i\000t\000r\000o\000s\000t\000n\000a\000\040\000n\000e\000o\000d\000v\000i\000s\000n\000o\000s\000t}{section.2.1}% 6
\BOOKMARK [2][-]{subsection.2.1.4}{\376\377\000Z\000a\000k\000a\000s\000n\000i\000l\000n\000a\000\040\000n\000e\000o\000d\000v\000i\000s\000n\000o\000s\000t}{section.2.1}% 7
\BOOKMARK [2][-]{subsection.2.1.5}{\376\377\000K\000v\000a\000z\000i\000-\000z\000a\000k\000a\000s\000n\000i\000l\000n\000a\000\040\000n\000e\000o\000d\000v\000i\000s\000n\000o\000s\000t}{section.2.1}% 8
\BOOKMARK [1][-]{section.2.2}{\376\377\000S\000i\000n\000h\000r\000o\000n\000i\000z\000a\000c\000i\000j\000a}{chapter.2}% 9
\BOOKMARK [2][-]{subsection.2.2.1}{\376\377\000M\000u\000l\000l\000e\000r\000\040\000C\000\040\000e\000l\000e\000m\000e\000n\000t}{section.2.2}% 10
\BOOKMARK [1][-]{section.2.3}{\376\377\000Z\000d\000r\000u\001\176\000e\000v\000a\000n\000j\000e}{chapter.2}% 11
\BOOKMARK [1][-]{section.2.4}{\376\377\000M\000u\000l\000t\000i\000p\000l\000e\000k\000s\000e\000r}{chapter.2}% 12
\BOOKMARK [1][-]{section.2.5}{\376\377\000R\000a\000z\000c\000e\000p\000l\000j\000a\000n\000j\000e}{chapter.2}% 13
\BOOKMARK [1][-]{section.2.6}{\376\377\000O\000s\000n\000o\000v\000n\000a\000\040\000v\000e\000z\000j\000a}{chapter.2}% 14
\BOOKMARK [2][-]{subsection.2.6.1}{\376\377\000V\000z\000p\000o\000r\000e\000d\000n\000a\000\040\000s\000i\000n\000h\000r\000o\000n\000i\000z\000a\000c\000i\000j\000a}{section.2.6}% 15
\BOOKMARK [2][-]{subsection.2.6.2}{\376\377\000Z\000a\000p\000o\000r\000e\000d\000n\000a\000\040\000s\000i\000n\000h\000r\000o\000n\000i\000z\000a\000c\000i\000j\000a}{section.2.6}% 16
\BOOKMARK [0][-]{chapter.3}{\376\377\000Z\000a\000s\000n\000o\000v\000a\000\040\000a\000s\000i\000n\000h\000r\000o\000n\000i\000h\000\040\000v\000e\000z\000j\000i}{}% 17
\BOOKMARK [1][-]{section.3.1}{\376\377\000P\000r\000o\000t\000o\000k\000o\000l\000i}{chapter.3}% 18
\BOOKMARK [2][-]{subsection.3.1.1}{\376\377\000F\000a\000z\000n\000o\000s\000t}{section.3.1}% 19
\BOOKMARK [2][-]{subsection.3.1.2}{\376\377\000P\000o\000d\000a\000t\000k\000i}{section.3.1}% 20
\BOOKMARK [3][-]{subsubsection.3.1.2.1}{\376\377\000K\000o\000d\000i\000r\000a\000n\000j\000e}{subsection.3.1.2}% 21
\BOOKMARK [2][-]{subsection.3.1.3}{\376\377\0004\000-\000P\000h\000a\000s\000e\000\040\000b\000u\000n\000d\000l\000e\000d\000\040\000d\000a\000t\000a}{section.3.1}% 22
\BOOKMARK [2][-]{subsection.3.1.4}{\376\377\0002\000-\000P\000h\000a\000s\000e\000\040\000b\000u\000n\000d\000l\000e\000d\000\040\000d\000a\000t\000a}{section.3.1}% 23
\BOOKMARK [2][-]{subsection.3.1.5}{\376\377\0004\000-\000P\000h\000a\000s\000e\000\040\000d\000u\000a\000l\000\040\000r\000a\000i\000l}{section.3.1}% 24
\BOOKMARK [2][-]{subsection.3.1.6}{\376\377\0002\000-\000P\000h\000a\000s\000e\000\040\000d\000u\000a\000l\000\040\000r\000a\000i\000l}{section.3.1}% 25
\BOOKMARK [1][-]{section.3.2}{\376\377\000C\000e\000v\000o\000v\000o\000d\000i}{chapter.3}% 26
\BOOKMARK [1][-]{section.3.3}{\376\377\000L\000o\000g\000i\000k\000a}{chapter.3}% 27
\BOOKMARK [1][-]{section.3.4}{\376\377\000P\000o\000d\000a\000t\000k\000o\000v\000n\000i\000\040\000p\000o\000t\000e\000k}{chapter.3}% 28
\BOOKMARK [2][-]{subsection.3.4.1}{\376\377\000G\000r\000a\000d\000n\000i\000k\000i}{section.3.4}% 29
\BOOKMARK [3][-]{subsubsection.3.4.1.1}{\376\377\000R\000e\000g\000i\000s\000t\000r\000i\000,\000\040\000i\000z\000v\000o\000r\000i\000\040\000i\000n\000\040\000p\000o\000n\000o\000r\000i}{subsection.3.4.1}% 30
\BOOKMARK [3][-]{subsubsection.3.4.1.2}{\376\377\000P\000o\000d\000v\000o\000j\000i\000t\000v\000e\000\040\000i\000n\000\040\000s\000i\000n\000h\000r\000o\000n\000i\000z\000a\000c\000i\000j\000a}{subsection.3.4.1}% 31
\BOOKMARK [3][-]{subsubsection.3.4.1.3}{\376\377\000R\000a\000z\000c\000e\000p\000i\000\040\000i\000n\000\040\000s\000p\000o\000n\000i}{subsection.3.4.1}% 32
\BOOKMARK [2][-]{subsection.3.4.2}{\376\377\0002\000p\000h\000a\000s\000e}{section.3.4}% 33
\BOOKMARK [2][-]{subsection.3.4.3}{\376\377\0004\000p\000h\000a\000s\000e}{section.3.4}% 34
\BOOKMARK [2][-]{subsection.3.4.4}{\376\377\000I\000n\000i\000c\000i\000a\000l\000i\000z\000a\000c\000i\000j\000a}{section.3.4}% 35
\BOOKMARK [0][-]{chapter.4}{\376\377\000I\000m\000p\000e\000m\000e\000n\000t\000a\000c\000i\000j\000a\000\040\000a\000s\000i\000n\000h\000r\000o\000n\000i\000h\000\040\000v\000e\000z\000j\000i}{}% 36
\BOOKMARK [1][-]{subsection.4.0.1}{\376\377\000S\000i\000m\000u\000l\000a\000c\000i\000j\000a}{chapter.4}% 37
\BOOKMARK [2][-]{subsection.4.0.2}{\376\377\000I\000n\000t\000e\000g\000r\000i\000r\000a\000n\000a\000\040\000v\000e\000z\000j\000a}{subsection.4.0.1}% 38
\BOOKMARK [2][-]{subsection.4.0.3}{\376\377\000F\000P\000G\000A}{subsection.4.0.1}% 39
\BOOKMARK [1][-]{section.4.1}{\376\377\000A\000r\000h\000i\000t\000e\000k\000t\000u\000r\000a\000\040\000F\000P\000G\000A}{chapter.4}% 40
\BOOKMARK [2][-]{subsection.4.1.1}{\376\377\000L\000o\000g\000i\001\015\000n\000e\000\040\000c\000e\000l\000i\000c\000e}{section.4.1}% 41
\BOOKMARK [3][-]{subsubsection.4.1.1.1}{\376\377\000K\000o\000m\000b\000i\000n\000a\000t\000o\000r\000i\001\015\000n\000i\000\040\000d\000e\000l}{subsection.4.1.1}% 42
\BOOKMARK [3][-]{subsubsection.4.1.1.2}{\376\377\000S\000p\000o\000m\000i\000n\000s\000k\000i\000\040\000d\000e\000l}{subsection.4.1.1}% 43
\BOOKMARK [2][-]{subsection.4.1.2}{\376\377\000P\000o\000v\000e\000z\000a\000v\000e}{section.4.1}% 44
\BOOKMARK [2][-]{subsection.4.1.3}{\376\377\000V\000g\000r\000a\000j\000e\000n\000i\000\040\000b\000l\000o\000k\000i}{section.4.1}% 45
\BOOKMARK [2][-]{subsection.4.1.4}{\376\377\000V\000h\000o\000d\000i\000\040\000i\000n\000\040\000i\000z\000h\000o\000d\000i}{section.4.1}% 46
\BOOKMARK [1][-]{section.4.2}{\376\377\000I\000m\000p\000l\000e\000m\000e\000n\000t\000a\000c\000i\000j\000a}{chapter.4}% 47
\BOOKMARK [2][-]{subsection.4.2.1}{\376\377\000S\000y\000s\000t\000e\000m\000V\000e\000r\000i\000l\000o\000g}{section.4.2}% 48
\BOOKMARK [2][-]{subsection.4.2.2}{\376\377\000K\000n\000j\000i\001\176\000n\000i\000c\000a}{section.4.2}% 49
\BOOKMARK [2][-]{subsection.4.2.3}{\376\377\0004\000-\000P\000h\000a\000s\000e\000\040\000d\000u\000a\000l\000\040\000r\000a\000i\000l}{section.4.2}% 50
\BOOKMARK [3][-]{subsubsection.4.2.3.1}{\376\377\000N\000i\000v\000o\000j\000s\000k\000a\000\040\000l\000o\000g\000i\000k\000a}{subsection.4.2.3}% 51
\BOOKMARK [2][-]{subsection.4.2.4}{\376\377\0002\000-\000P\000h\000a\000s\000e\000\040\000d\000u\000a\000l\000\040\000r\000a\000i\000l}{section.4.2}% 52
\BOOKMARK [2][-]{subsection.4.2.5}{\376\377\000W\000o\000r\000k\000c\000r\000a\000f\000t}{section.4.2}% 53
\BOOKMARK [3][-]{subsubsection.4.2.5.1}{\376\377\000S\000i\000n\000t\000e\000z\000a\000\040\000g\000r\000a\000d\000n\000i\000k\000o\000v}{subsection.4.2.5}% 54
\BOOKMARK [3][-]{subsubsection.4.2.5.2}{\376\377\000S\000i\000m\000u\000l\000a\000c\000i\000j\000a\000\040\000a\000r\000h\000i\000t\000e\000k\000t\000u\000r\000e\000\040\000a\000s\000i\000n\000h\000r\000o\000n\000i\000h\000\040\000v\000e\000z\000j\000i}{subsection.4.2.5}% 55
\BOOKMARK [2][-]{subsection.4.2.6}{\376\377\000I\000m\000p\000l\000e\000m\000e\000n\000t\000a\000c\000i\000j\000a\000\040\000c\000e\000l\000l\000i\000c}{section.4.2}% 56
\BOOKMARK [3][-]{subsubsection.4.2.6.1}{\376\377\000P\000r\000i\000m\000i\000t\000i\000v\000i}{subsection.4.2.6}% 57
\BOOKMARK [3][-]{subsubsection.4.2.6.2}{\376\377\000O\000s\000n\000o\000v\000n\000e\000\040\000c\000e\000l\000i\000c\000e}{subsection.4.2.6}% 58
\BOOKMARK [3][-]{subsubsection.4.2.6.3}{\376\377\000F\000u\000n\000k\000c\000i\000o\000n\000a\000l\000n\000e\000\040\000c\000e\000l\000i\000c\000e}{subsection.4.2.6}% 59
\BOOKMARK [3][-]{subsubsection.4.2.6.4}{\376\377\000L\000o\000g\000i\000k\000a}{subsection.4.2.6}% 60
\BOOKMARK [3][-]{subsubsection.4.2.6.5}{\376\377\000V\000e\000z\000j\000a}{subsection.4.2.6}% 61
\BOOKMARK [0][-]{chapter.5}{\376\377\000R\000e\000z\000u\000l\000t\000a\000t\000i}{}% 62
\BOOKMARK [1][-]{section.5.1}{\376\377\000P\000I\000P\000E\000L\000I\000N\000E}{chapter.5}% 63
\BOOKMARK [1][-]{section.5.2}{\376\377\000C\000N\000T}{chapter.5}% 64
\BOOKMARK [1][-]{section.5.3}{\376\377\000F\000I\000B}{chapter.5}% 65
\BOOKMARK [1][-]{section.5.4}{\376\377\000G\000C\000D}{chapter.5}% 66
\BOOKMARK [1][-]{section.5.5}{\376\377\000R\000I\000S\000C\000V}{chapter.5}% 67
\BOOKMARK [0][-]{chapter.6}{\376\377\000Z\000a\000k\000l\000j\000u\001\015\000e\000k}{}% 68
\BOOKMARK [0][-]{section*.8}{\376\377\000L\000i\000t\000e\000r\000a\000t\000u\000r\000a}{}% 69
